<?xml version="1.0" encoding="UTF-8"?>
<testng-results skipped="0" failed="0" ignored="0" total="1" passed="1">
  <reporter-output>
  </reporter-output>
  <suite name="Default suite" duration-ms="3242" started-at="2019-08-31T14:12:26Z" finished-at="2019-08-31T14:12:29Z">
    <groups>
    </groups>
    <test name="Default test" duration-ms="3242" started-at="2019-08-31T14:12:26Z" finished-at="2019-08-31T14:12:29Z">
      <class name="com.qa.request.PostCall">
        <test-method status="PASS" signature="postRequestAPI()[pri:0, instance:com.qa.request.PostCall@14acaea5]" name="postRequestAPI" duration-ms="3187" started-at="2019-08-31T14:12:26Z" finished-at="2019-08-31T14:12:29Z">
          <reporter-output>
          </reporter-output>
        </test-method> <!-- postRequestAPI -->
      </class> <!-- com.qa.request.PostCall -->
    </test> <!-- Default test -->
  </suite> <!-- Default suite -->
</testng-results>
